::1 - - [24/Feb/2025:18:10:45 +0100] "GET / HTTP/1.1" 403 199
::1 - - [24/Feb/2025:18:10:45 +0100] "GET /favicon.ico HTTP/1.1" 403 199
::1 - - [24/Feb/2025:18:13:31 +0100] "GET / HTTP/1.1" 403 199
::1 - - [24/Feb/2025:18:13:32 +0100] "GET /favicon.ico HTTP/1.1" 403 199
::1 - - [24/Feb/2025:18:13:33 +0100] "GET / HTTP/1.1" 403 199
::1 - - [24/Feb/2025:18:13:33 +0100] "GET /favicon.ico HTTP/1.1" 403 199
::1 - - [24/Feb/2025:18:13:34 +0100] "GET / HTTP/1.1" 403 199
::1 - - [24/Feb/2025:18:13:34 +0100] "GET /favicon.ico HTTP/1.1" 403 199
::1 - - [24/Feb/2025:18:13:34 +0100] "GET / HTTP/1.1" 403 199
::1 - - [24/Feb/2025:18:13:34 +0100] "GET /favicon.ico HTTP/1.1" 403 199
::1 - - [24/Feb/2025:18:14:55 +0100] "GET /index.php HTTP/1.1" 403 199
::1 - - [24/Feb/2025:18:14:55 +0100] "GET /favicon.ico HTTP/1.1" 403 199
::1 - - [24/Feb/2025:18:18:36 +0100] "GET /index.php HTTP/1.1" 200 638
::1 - - [24/Feb/2025:18:18:36 +0100] "GET /favicon.ico HTTP/1.1" 404 196
::1 - - [24/Feb/2025:18:19:08 +0100] "POST /index.php HTTP/1.1" 200 657
::1 - - [24/Feb/2025:18:19:22 +0100] "POST /index.php HTTP/1.1" 200 657
::1 - - [26/Feb/2025:22:24:12 +0100] "GET /index.php HTTP/1.1" 200 638
::1 - - [26/Feb/2025:22:24:12 +0100] "GET /favicon.ico HTTP/1.1" 404 196
::1 - - [26/Feb/2025:22:27:11 +0100] "GET /index.php HTTP/1.1" 200 638
::1 - - [26/Feb/2025:22:27:12 +0100] "GET /index.php HTTP/1.1" 200 638
::1 - - [26/Feb/2025:22:27:12 +0100] "GET /index.php HTTP/1.1" 200 638
::1 - - [26/Feb/2025:22:27:13 +0100] "GET /index.php HTTP/1.1" 200 638
::1 - - [26/Feb/2025:22:27:13 +0100] "GET /index.php HTTP/1.1" 200 638
127.0.0.1 - - [14/Mar/2025:00:27:19 +0100] "GET /acversion.txt HTTP/1.1" 404 196
127.0.0.1 - - [15/Mar/2025:16:30:14 +0100] "GET /acversion.txt HTTP/1.1" 404 196
127.0.0.1 - - [17/Mar/2025:18:22:06 +0100] "GET /acversion.txt HTTP/1.1" 404 196
127.0.0.1 - - [17/Mar/2025:21:43:07 +0100] "GET /acversion.txt HTTP/1.1" 404 196
127.0.0.1 - - [19/Mar/2025:00:26:27 +0100] "GET /acversion.txt HTTP/1.1" 404 196
127.0.0.1 - - [19/Mar/2025:21:57:14 +0100] "GET /acversion.txt HTTP/1.1" 404 196
127.0.0.1 - - [20/Mar/2025:18:14:14 +0100] "GET /acversion.txt HTTP/1.1" 404 196
::1 - - [21/Mar/2025:22:52:02 +0100] "GET /index.php HTTP/1.1" 200 638
::1 - - [21/Mar/2025:22:52:02 +0100] "GET /favicon.ico HTTP/1.1" 404 196
::1 - - [21/Mar/2025:22:52:23 +0100] "GET / HTTP/1.1" 200 638
::1 - - [21/Mar/2025:22:52:26 +0100] "GET / HTTP/1.1" 200 638
::1 - - [21/Mar/2025:23:04:47 +0100] "GET /index.php HTTP/1.1" 200 638
::1 - - [21/Mar/2025:23:09:07 +0100] "GET / HTTP/1.1" 200 638
::1 - - [21/Mar/2025:23:09:12 +0100] "POST / HTTP/1.1" 200 657
::1 - - [21/Mar/2025:23:09:30 +0100] "GET /login HTTP/1.1" 404 196
::1 - - [21/Mar/2025:23:09:38 +0100] "GET /login.php HTTP/1.1" 200 216
::1 - - [21/Mar/2025:23:09:51 +0100] "POST /login.php HTTP/1.1" 200 751
127.0.0.1 - - [22/Mar/2025:15:17:04 +0100] "GET /acversion.txt HTTP/1.1" 404 196
::1 - - [23/Mar/2025:11:30:44 +0100] "GET /login.php HTTP/1.1" 200 216
::1 - - [23/Mar/2025:11:30:45 +0100] "GET /favicon.ico HTTP/1.1" 404 196
::1 - - [23/Mar/2025:11:30:49 +0100] "POST /login.php HTTP/1.1" 200 691
::1 - - [23/Mar/2025:11:31:10 +0100] "POST /login.php HTTP/1.1" 200 732
::1 - - [23/Mar/2025:11:32:10 +0100] "POST /login.php HTTP/1.1" 200 310
::1 - - [23/Mar/2025:11:32:52 +0100] "POST /login.php HTTP/1.1" 200 306
::1 - - [23/Mar/2025:11:33:26 +0100] "POST /login.php HTTP/1.1" 200 854
::1 - - [23/Mar/2025:11:33:37 +0100] "POST /login.php HTTP/1.1" 200 856
::1 - - [23/Mar/2025:11:34:31 +0100] "POST /login.php HTTP/1.1" 200 686
::1 - - [23/Mar/2025:11:34:47 +0100] "POST /login.php HTTP/1.1" 200 274
::1 - - [23/Mar/2025:11:38:50 +0100] "POST /login.php HTTP/1.1" 200 345
::1 - - [23/Mar/2025:11:42:05 +0100] "POST /login.php HTTP/1.1" 200 370
::1 - - [23/Mar/2025:11:42:06 +0100] "GET /localhost/register.php HTTP/1.1" 404 196
::1 - - [23/Mar/2025:11:47:53 +0100] "GET /localhost/register.php HTTP/1.1" 404 196
::1 - - [23/Mar/2025:11:48:17 +0100] "GET /login.php HTTP/1.1" 200 308
::1 - - [23/Mar/2025:11:48:19 +0100] "GET /register.php HTTP/1.1" 200 166
::1 - - [23/Mar/2025:11:48:41 +0100] "GET /register.php HTTP/1.1" 200 166
::1 - - [23/Mar/2025:11:48:42 +0100] "GET /register.php HTTP/1.1" 200 166
::1 - - [23/Mar/2025:11:48:52 +0100] "GET /register.php HTTP/1.1" 200 166
::1 - - [23/Mar/2025:11:50:16 +0100] "GET /register.php HTTP/1.1" 200 381
::1 - - [23/Mar/2025:11:50:20 +0100] "GET /localhost/login.php HTTP/1.1" 404 196
::1 - - [23/Mar/2025:11:50:34 +0100] "GET /login.php HTTP/1.1" 200 308
::1 - - [23/Mar/2025:11:50:35 +0100] "GET /register.php HTTP/1.1" 200 372
::1 - - [23/Mar/2025:11:50:36 +0100] "GET /login.php HTTP/1.1" 200 308
::1 - - [23/Mar/2025:11:50:36 +0100] "GET /register.php HTTP/1.1" 200 372
::1 - - [23/Mar/2025:11:50:36 +0100] "GET /login.php HTTP/1.1" 200 308
::1 - - [23/Mar/2025:11:50:37 +0100] "GET /register.php HTTP/1.1" 200 372
::1 - - [23/Mar/2025:11:51:10 +0100] "POST /register.php HTTP/1.1" 200 1372
::1 - - [23/Mar/2025:11:52:22 +0100] "POST /register.php HTTP/1.1" 200 1217
::1 - - [23/Mar/2025:11:54:46 +0100] "POST /register.php HTTP/1.1" 200 408
::1 - - [23/Mar/2025:11:55:58 +0100] "GET /login.php HTTP/1.1" 200 308
::1 - - [23/Mar/2025:11:56:02 +0100] "POST /login.php HTTP/1.1" 200 361
127.0.0.1 - - [26/Mar/2025:00:16:02 +0100] "GET /acversion.txt HTTP/1.1" 404 196
127.0.0.1 - - [26/Mar/2025:22:18:55 +0100] "GET /acversion.txt HTTP/1.1" 404 196
127.0.0.1 - - [28/Mar/2025:18:38:38 +0100] "GET /acversion.txt HTTP/1.1" 404 196
127.0.0.1 - - [29/Mar/2025:00:05:00 +0100] "GET /acversion.txt HTTP/1.1" 404 196
127.0.0.1 - - [30/Mar/2025:23:07:23 +0200] "GET /acversion.txt HTTP/1.1" 404 196
127.0.0.1 - - [02/Apr/2025:22:19:25 +0200] "GET /acversion.txt HTTP/1.1" 404 196
::1 - - [07/Apr/2025:15:49:23 +0200] "GET /login.php HTTP/1.1" 200 307
::1 - - [07/Apr/2025:15:49:23 +0200] "GET /favicon.ico HTTP/1.1" 404 196
::1 - - [07/Apr/2025:16:00:00 +0200] "GET /login.php HTTP/1.1" 200 307
::1 - - [07/Apr/2025:16:00:02 +0200] "GET /register.php HTTP/1.1" 200 372
::1 - - [07/Apr/2025:16:00:12 +0200] "POST /register.php HTTP/1.1" 200 827
::1 - - [07/Apr/2025:16:00:31 +0200] "POST /register.php HTTP/1.1" 200 823
::1 - - [07/Apr/2025:16:00:34 +0200] "POST /register.php HTTP/1.1" 200 823
::1 - - [07/Apr/2025:16:22:06 +0200] "POST /register.php HTTP/1.1" 200 823
::1 - - [07/Apr/2025:16:24:02 +0200] "POST /register.php HTTP/1.1" 200 823
::1 - - [07/Apr/2025:16:24:03 +0200] "GET /login.php HTTP/1.1" 200 307
::1 - - [07/Apr/2025:16:24:04 +0200] "GET /register.php HTTP/1.1" 200 372
::1 - - [07/Apr/2025:16:24:27 +0200] "POST /register.php HTTP/1.1" 200 823
::1 - - [07/Apr/2025:20:27:49 +0200] "POST /register.php HTTP/1.1" 200 578
::1 - - [07/Apr/2025:20:30:54 +0200] "POST /register.php HTTP/1.1" 200 578
::1 - - [07/Apr/2025:20:30:57 +0200] "POST /register.php HTTP/1.1" 200 881
::1 - - [07/Apr/2025:20:30:59 +0200] "POST /register.php HTTP/1.1" 200 881
::1 - - [07/Apr/2025:20:33:21 +0200] "POST /register.php HTTP/1.1" 200 881
::1 - - [07/Apr/2025:20:33:22 +0200] "POST /register.php HTTP/1.1" 200 881
::1 - - [07/Apr/2025:20:33:22 +0200] "POST /register.php HTTP/1.1" 200 881
::1 - - [07/Apr/2025:20:33:45 +0200] "POST /register.php HTTP/1.1" 200 578
::1 - - [07/Apr/2025:20:41:30 +0200] "POST /register.php HTTP/1.1" 200 881
::1 - - [07/Apr/2025:20:43:08 +0200] "GET /login.php HTTP/1.1" 200 307
::1 - - [07/Apr/2025:20:43:09 +0200] "GET /register.php HTTP/1.1" 200 372
::1 - - [07/Apr/2025:20:43:30 +0200] "POST /register.php HTTP/1.1" 200 408
::1 - - [07/Apr/2025:20:43:43 +0200] "POST /register.php HTTP/1.1" 200 881
::1 - - [07/Apr/2025:20:46:05 +0200] "POST /register.php HTTP/1.1" 200 408
::1 - - [07/Apr/2025:20:46:09 +0200] "POST /register.php HTTP/1.1" 200 393
::1 - - [07/Apr/2025:20:46:14 +0200] "POST /register.php HTTP/1.1" 200 393
::1 - - [07/Apr/2025:20:46:15 +0200] "GET /login.php HTTP/1.1" 200 307
::1 - - [07/Apr/2025:20:46:21 +0200] "POST /login.php HTTP/1.1" 200 336
::1 - - [07/Apr/2025:21:04:22 +0200] "POST /login.php HTTP/1.1" 200 340
::1 - - [07/Apr/2025:21:04:23 +0200] "POST /login.php HTTP/1.1" 200 340
::1 - - [07/Apr/2025:21:04:23 +0200] "POST /login.php HTTP/1.1" 200 340
::1 - - [07/Apr/2025:21:04:23 +0200] "POST /login.php HTTP/1.1" 200 340
::1 - - [07/Apr/2025:21:04:23 +0200] "POST /login.php HTTP/1.1" 200 340
::1 - - [07/Apr/2025:21:04:23 +0200] "POST /login.php HTTP/1.1" 200 340
::1 - - [07/Apr/2025:21:04:23 +0200] "POST /login.php HTTP/1.1" 200 340
::1 - - [07/Apr/2025:21:04:24 +0200] "POST /login.php HTTP/1.1" 200 340
::1 - - [07/Apr/2025:21:04:24 +0200] "POST /login.php HTTP/1.1" 200 340
::1 - - [07/Apr/2025:21:04:24 +0200] "POST /login.php HTTP/1.1" 200 340
::1 - - [07/Apr/2025:21:04:26 +0200] "GET /register.php HTTP/1.1" 200 372
::1 - - [07/Apr/2025:21:04:34 +0200] "POST /register.php HTTP/1.1" 302 408
::1 - - [07/Apr/2025:21:04:34 +0200] "GET /verifica.php?utente=dio HTTP/1.1" 200 212
::1 - - [07/Apr/2025:21:04:46 +0200] "POST /verifica.php?utente=dio HTTP/1.1" 200 245
::1 - - [07/Apr/2025:21:10:51 +0200] "POST /verifica.php?utente=dio HTTP/1.1" 200 412
::1 - - [07/Apr/2025:21:10:51 +0200] "GET /favicon.ico HTTP/1.1" 404 196
::1 - - [07/Apr/2025:21:11:42 +0200] "POST /verifica.php?utente=dio HTTP/1.1" 302 412
::1 - - [07/Apr/2025:21:11:42 +0200] "GET /login.php?utente= HTTP/1.1" 200 307
::1 - - [07/Apr/2025:21:12:06 +0200] "GET /register.php HTTP/1.1" 200 372
::1 - - [07/Apr/2025:21:12:13 +0200] "POST /register.php HTTP/1.1" 302 408
::1 - - [07/Apr/2025:21:12:14 +0200] "GET /verifica.php?utente=dios HTTP/1.1" 200 213
::1 - - [07/Apr/2025:21:13:22 +0200] "POST /verifica.php?utente=dios HTTP/1.1" 200 227
::1 - - [07/Apr/2025:21:13:44 +0200] "POST /verifica.php?utente=dios HTTP/1.1" 302 413
::1 - - [07/Apr/2025:21:13:44 +0200] "GET /login.php?utente= HTTP/1.1" 200 307
::1 - - [07/Apr/2025:21:20:40 +0200] "GET /register.php HTTP/1.1" 200 372
::1 - - [07/Apr/2025:21:20:59 +0200] "POST /register.php HTTP/1.1" 302 586
::1 - - [07/Apr/2025:21:20:59 +0200] "GET /verifica.php?utente=please HTTP/1.1" 200 215
::1 - - [07/Apr/2025:21:21:11 +0200] "POST /verifica.php?utente=please HTTP/1.1" 302 593
::1 - - [07/Apr/2025:21:21:11 +0200] "GET /login.php?utente= HTTP/1.1" 200 307
::1 - - [07/Apr/2025:21:22:21 +0200] "GET /register.php HTTP/1.1" 200 372
::1 - - [07/Apr/2025:21:22:22 +0200] "GET /login.php HTTP/1.1" 200 307
::1 - - [07/Apr/2025:21:22:23 +0200] "GET /register.php HTTP/1.1" 200 372
::1 - - [07/Apr/2025:21:22:31 +0200] "POST /register.php HTTP/1.1" 302 408
::1 - - [07/Apr/2025:21:22:31 +0200] "GET /verifica.php?utente=tava HTTP/1.1" 200 213
::1 - - [07/Apr/2025:21:22:56 +0200] "POST /verifica.php?utente=tava HTTP/1.1" 302 413
::1 - - [07/Apr/2025:21:22:56 +0200] "GET /login.php?utente= HTTP/1.1" 200 307
::1 - - [07/Apr/2025:21:23:00 +0200] "GET /register.php HTTP/1.1" 200 372
::1 - - [07/Apr/2025:21:23:00 +0200] "GET /login.php HTTP/1.1" 200 307
::1 - - [07/Apr/2025:21:23:01 +0200] "GET /login.php HTTP/1.1" 200 307
::1 - - [07/Apr/2025:21:23:02 +0200] "GET /login.php HTTP/1.1" 200 307
::1 - - [07/Apr/2025:21:23:02 +0200] "GET /login.php HTTP/1.1" 200 307
::1 - - [07/Apr/2025:21:24:23 +0200] "GET /register.php HTTP/1.1" 200 372
::1 - - [07/Apr/2025:21:25:03 +0200] "POST /register.php HTTP/1.1" 200 408
::1 - - [07/Apr/2025:21:25:05 +0200] "GET /verifica.php HTTP/1.1" 200 375
::1 - - [07/Apr/2025:21:25:26 +0200] "POST /verifica.php HTTP/1.1" 200 389
::1 - - [07/Apr/2025:21:25:33 +0200] "POST /verifica.php HTTP/1.1" 200 389
::1 - - [07/Apr/2025:21:26:26 +0200] "POST /verifica.php HTTP/1.1" 200 389
::1 - - [07/Apr/2025:21:26:41 +0200] "POST /verifica.php HTTP/1.1" 200 389
::1 - - [07/Apr/2025:21:26:50 +0200] "GET /login.php HTTP/1.1" 200 307
::1 - - [07/Apr/2025:21:26:52 +0200] "GET /register.php HTTP/1.1" 200 372
::1 - - [07/Apr/2025:21:27:00 +0200] "POST /register.php HTTP/1.1" 302 408
::1 - - [07/Apr/2025:21:27:00 +0200] "GET /verifica.php?utente=tava HTTP/1.1" 200 213
::1 - - [07/Apr/2025:21:27:10 +0200] "POST /verifica.php?utente=tava HTTP/1.1" 302 413
::1 - - [07/Apr/2025:21:27:10 +0200] "GET /login.php?utente= HTTP/1.1" 200 307
::1 - - [15/Apr/2025:17:55:29 +0200] "GET /login.php HTTP/1.1" 200 307
::1 - - [15/Apr/2025:17:55:29 +0200] "GET /favicon.ico HTTP/1.1" 404 196
::1 - - [15/Apr/2025:17:55:35 +0200] "GET /prova.php HTTP/1.1" 200 -
::1 - - [15/Apr/2025:18:01:34 +0200] "GET /prova.php HTTP/1.1" 200 671
::1 - - [15/Apr/2025:18:03:53 +0200] "GET /prova.php HTTP/1.1" 200 446
::1 - - [15/Apr/2025:18:04:32 +0200] "GET /prova.php HTTP/1.1" 200 1979
::1 - - [15/Apr/2025:18:04:32 +0200] "GET /css/form.css HTTP/1.1" 404 196
::1 - - [15/Apr/2025:18:04:32 +0200] "GET /css/style.css HTTP/1.1" 404 196
::1 - - [15/Apr/2025:20:35:43 +0200] "GET /prova.php HTTP/1.1" 404 196
::1 - - [15/Apr/2025:20:35:45 +0200] "GET /prova.php HTTP/1.1" 404 196
::1 - - [15/Apr/2025:20:35:45 +0200] "GET /prova.php HTTP/1.1" 404 196
::1 - - [15/Apr/2025:20:35:45 +0200] "GET /prova.php HTTP/1.1" 404 196
::1 - - [15/Apr/2025:21:10:47 +0200] "GET /provaProgetto/prova.php HTTP/1.1" 200 2049
::1 - - [15/Apr/2025:21:10:47 +0200] "GET /provaProgetto/css/form.css HTTP/1.1" 404 196
::1 - - [15/Apr/2025:21:10:47 +0200] "GET /provaProgetto/css/style.css HTTP/1.1" 404 196
::1 - - [15/Apr/2025:21:10:49 +0200] "GET /provaProgetto/prova.php HTTP/1.1" 200 2049
::1 - - [15/Apr/2025:21:10:49 +0200] "GET /provaProgetto/css/form.css HTTP/1.1" 404 196
::1 - - [15/Apr/2025:21:10:49 +0200] "GET /provaProgetto/css/style.css HTTP/1.1" 404 196
::1 - - [15/Apr/2025:21:12:21 +0200] "GET /provaProgetto/php_upload_blob_files_in_mysql-master/index.php HTTP/1.1" 200 2057
::1 - - [15/Apr/2025:21:12:21 +0200] "GET /provaProgetto/php_upload_blob_files_in_mysql-master/css/form.css HTTP/1.1" 200 756
::1 - - [15/Apr/2025:21:12:21 +0200] "GET /provaProgetto/php_upload_blob_files_in_mysql-master/css/style.css HTTP/1.1" 200 748
::1 - - [15/Apr/2025:21:13:27 +0200] "GET /provaProgetto/php_upload_blob_files_in_mysql-master/index.php HTTP/1.1" 200 1316
::1 - - [15/Apr/2025:21:13:32 +0200] "POST /provaProgetto/php_upload_blob_files_in_mysql-master/index.php HTTP/1.1" 200 606
::1 - - [15/Apr/2025:21:15:13 +0200] "POST /provaProgetto/php_upload_blob_files_in_mysql-master/index.php HTTP/1.1" 200 1462
::1 - - [15/Apr/2025:21:15:13 +0200] "GET /provaProgetto/php_upload_blob_files_in_mysql-master/imageView.php?image_id=1 HTTP/1.1" 200 459
::1 - - [15/Apr/2025:21:15:19 +0200] "POST /provaProgetto/php_upload_blob_files_in_mysql-master/index.php HTTP/1.1" 200 1608
::1 - - [15/Apr/2025:21:15:19 +0200] "GET /provaProgetto/php_upload_blob_files_in_mysql-master/imageView.php?image_id=2 HTTP/1.1" 200 459
::1 - - [15/Apr/2025:21:15:19 +0200] "GET /provaProgetto/php_upload_blob_files_in_mysql-master/imageView.php?image_id=1 HTTP/1.1" 200 459
::1 - - [15/Apr/2025:21:17:35 +0200] "POST /provaProgetto/php_upload_blob_files_in_mysql-master/index.php HTTP/1.1" 200 1754
::1 - - [15/Apr/2025:21:17:35 +0200] "GET /provaProgetto/php_upload_blob_files_in_mysql-master/imageView.php?image_id=3 HTTP/1.1" 200 616
::1 - - [15/Apr/2025:21:17:35 +0200] "GET /provaProgetto/php_upload_blob_files_in_mysql-master/imageView.php?image_id=1 HTTP/1.1" 200 616
::1 - - [15/Apr/2025:21:17:35 +0200] "GET /provaProgetto/php_upload_blob_files_in_mysql-master/imageView.php?image_id=2 HTTP/1.1" 200 616
::1 - - [15/Apr/2025:21:17:37 +0200] "POST /provaProgetto/php_upload_blob_files_in_mysql-master/index.php HTTP/1.1" 200 1900
::1 - - [15/Apr/2025:21:17:37 +0200] "GET /provaProgetto/php_upload_blob_files_in_mysql-master/imageView.php?image_id=4 HTTP/1.1" 200 616
::1 - - [15/Apr/2025:21:17:37 +0200] "GET /provaProgetto/php_upload_blob_files_in_mysql-master/imageView.php?image_id=3 HTTP/1.1" 200 616
::1 - - [15/Apr/2025:21:17:37 +0200] "GET /provaProgetto/php_upload_blob_files_in_mysql-master/imageView.php?image_id=2 HTTP/1.1" 200 616
::1 - - [15/Apr/2025:21:17:37 +0200] "GET /provaProgetto/php_upload_blob_files_in_mysql-master/imageView.php?image_id=1 HTTP/1.1" 200 616
::1 - - [15/Apr/2025:21:18:56 +0200] "POST /provaProgetto/php_upload_blob_files_in_mysql-master/index.php HTTP/1.1" 200 2046
::1 - - [15/Apr/2025:21:18:56 +0200] "GET /provaProgetto/php_upload_blob_files_in_mysql-master/imageView.php?image_id=5 HTTP/1.1" 200 57341
::1 - - [15/Apr/2025:21:18:56 +0200] "GET /provaProgetto/php_upload_blob_files_in_mysql-master/imageView.php?image_id=4 HTTP/1.1" 200 57341
::1 - - [15/Apr/2025:21:18:56 +0200] "GET /provaProgetto/php_upload_blob_files_in_mysql-master/imageView.php?image_id=3 HTTP/1.1" 200 57341
::1 - - [15/Apr/2025:21:18:56 +0200] "GET /provaProgetto/php_upload_blob_files_in_mysql-master/imageView.php?image_id=2 HTTP/1.1" 200 57341
::1 - - [15/Apr/2025:21:18:56 +0200] "GET /provaProgetto/php_upload_blob_files_in_mysql-master/imageView.php?image_id=1 HTTP/1.1" 200 57341
::1 - - [15/Apr/2025:21:19:05 +0200] "POST /provaProgetto/php_upload_blob_files_in_mysql-master/index.php HTTP/1.1" 200 2192
::1 - - [15/Apr/2025:21:19:05 +0200] "GET /provaProgetto/php_upload_blob_files_in_mysql-master/imageView.php?image_id=6 HTTP/1.1" 200 156904
::1 - - [15/Apr/2025:21:19:05 +0200] "GET /provaProgetto/php_upload_blob_files_in_mysql-master/imageView.php?image_id=5 HTTP/1.1" 200 57341
::1 - - [15/Apr/2025:21:19:05 +0200] "GET /provaProgetto/php_upload_blob_files_in_mysql-master/imageView.php?image_id=4 HTTP/1.1" 200 57341
::1 - - [15/Apr/2025:21:19:05 +0200] "GET /provaProgetto/php_upload_blob_files_in_mysql-master/imageView.php?image_id=2 HTTP/1.1" 200 57341
::1 - - [15/Apr/2025:21:19:05 +0200] "GET /provaProgetto/php_upload_blob_files_in_mysql-master/imageView.php?image_id=3 HTTP/1.1" 200 57341
::1 - - [15/Apr/2025:21:19:05 +0200] "GET /provaProgetto/php_upload_blob_files_in_mysql-master/imageView.php?image_id=1 HTTP/1.1" 200 57341
::1 - - [15/Apr/2025:21:19:39 +0200] "GET /provaProgetto/php_upload_blob_files_in_mysql-master/index.php HTTP/1.1" 200 1316
::1 - - [15/Apr/2025:21:23:12 +0200] "POST /provaProgetto/php_upload_blob_files_in_mysql-master/index.php HTTP/1.1" 200 1462
::1 - - [15/Apr/2025:21:23:13 +0200] "GET /provaProgetto/php_upload_blob_files_in_mysql-master/imageView.php?image_id=7 HTTP/1.1" 200 472978
::1 - - [15/Apr/2025:21:23:18 +0200] "POST /provaProgetto/php_upload_blob_files_in_mysql-master/index.php HTTP/1.1" 200 1508
::1 - - [15/Apr/2025:21:23:18 +0200] "GET /provaProgetto/php_upload_blob_files_in_mysql-master/imageView.php?image_id=7 HTTP/1.1" 200 472978
::1 - - [15/Apr/2025:21:23:25 +0200] "POST /provaProgetto/php_upload_blob_files_in_mysql-master/index.php HTTP/1.1" 200 1608
::1 - - [15/Apr/2025:21:23:25 +0200] "GET /provaProgetto/php_upload_blob_files_in_mysql-master/imageView.php?image_id=8 HTTP/1.1" 200 131956
::1 - - [15/Apr/2025:21:23:25 +0200] "GET /provaProgetto/php_upload_blob_files_in_mysql-master/imageView.php?image_id=7 HTTP/1.1" 200 472978
::1 - - [15/Apr/2025:21:23:31 +0200] "POST /provaProgetto/php_upload_blob_files_in_mysql-master/index.php HTTP/1.1" 200 1754
::1 - - [15/Apr/2025:21:23:31 +0200] "GET /provaProgetto/php_upload_blob_files_in_mysql-master/imageView.php?image_id=9 HTTP/1.1" 200 486947
::1 - - [15/Apr/2025:21:23:31 +0200] "GET /provaProgetto/php_upload_blob_files_in_mysql-master/imageView.php?image_id=8 HTTP/1.1" 200 131956
::1 - - [15/Apr/2025:21:23:31 +0200] "GET /provaProgetto/php_upload_blob_files_in_mysql-master/imageView.php?image_id=7 HTTP/1.1" 200 472978
::1 - - [15/Apr/2025:21:23:57 +0200] "POST /provaProgetto/php_upload_blob_files_in_mysql-master/index.php HTTP/1.1" 200 1901
::1 - - [15/Apr/2025:21:23:57 +0200] "GET /provaProgetto/php_upload_blob_files_in_mysql-master/imageView.php?image_id=10 HTTP/1.1" 200 32217
::1 - - [15/Apr/2025:21:23:57 +0200] "GET /provaProgetto/php_upload_blob_files_in_mysql-master/imageView.php?image_id=9 HTTP/1.1" 200 486947
::1 - - [15/Apr/2025:21:23:57 +0200] "GET /provaProgetto/php_upload_blob_files_in_mysql-master/imageView.php?image_id=8 HTTP/1.1" 200 131956
::1 - - [15/Apr/2025:21:23:57 +0200] "GET /provaProgetto/php_upload_blob_files_in_mysql-master/imageView.php?image_id=7 HTTP/1.1" 200 472978
::1 - - [15/Apr/2025:21:24:11 +0200] "GET /provaProgetto/php_upload_blob_files_in_mysql-master/index.php HTTP/1.1" 200 1901
::1 - - [15/Apr/2025:21:24:11 +0200] "GET /provaProgetto/php_upload_blob_files_in_mysql-master/imageView.php?image_id=10 HTTP/1.1" 200 32217
::1 - - [15/Apr/2025:21:24:11 +0200] "GET /provaProgetto/php_upload_blob_files_in_mysql-master/imageView.php?image_id=9 HTTP/1.1" 200 486947
::1 - - [15/Apr/2025:21:24:11 +0200] "GET /provaProgetto/php_upload_blob_files_in_mysql-master/imageView.php?image_id=8 HTTP/1.1" 200 131956
::1 - - [15/Apr/2025:21:24:11 +0200] "GET /provaProgetto/php_upload_blob_files_in_mysql-master/imageView.php?image_id=7 HTTP/1.1" 200 472978
::1 - - [16/Apr/2025:11:36:13 +0200] "GET / HTTP/1.1" 403 199
::1 - - [16/Apr/2025:11:36:14 +0200] "GET /favicon.ico HTTP/1.1" 404 196
::1 - - [16/Apr/2025:11:36:15 +0200] "GET / HTTP/1.1" 403 199
127.0.0.1 - - [16/Apr/2025:11:36:27 +0200] "GET /provaProgetto/php_upload_blob_files_in_mysql-master/index.php HTTP/1.1" 200 1901
127.0.0.1 - - [16/Apr/2025:11:36:27 +0200] "GET /provaProgetto/php_upload_blob_files_in_mysql-master/css/form.css HTTP/1.1" 200 756
::1 - - [16/Apr/2025:11:36:27 +0200] "GET /provaProgetto/php_upload_blob_files_in_mysql-master/css/style.css HTTP/1.1" 200 748
::1 - - [16/Apr/2025:11:36:27 +0200] "GET /provaProgetto/php_upload_blob_files_in_mysql-master/imageView.php?image_id=10 HTTP/1.1" 200 32217
::1 - - [16/Apr/2025:11:36:27 +0200] "GET /provaProgetto/php_upload_blob_files_in_mysql-master/imageView.php?image_id=8 HTTP/1.1" 200 131956
::1 - - [16/Apr/2025:11:36:27 +0200] "GET /provaProgetto/php_upload_blob_files_in_mysql-master/imageView.php?image_id=9 HTTP/1.1" 200 486947
::1 - - [16/Apr/2025:11:36:27 +0200] "GET /provaProgetto/php_upload_blob_files_in_mysql-master/imageView.php?image_id=7 HTTP/1.1" 200 472978
::1 - - [17/Apr/2025:14:59:47 +0200] "GET /provaProgetto/php_upload_blob_files_in_mysql-master HTTP/1.1" 301 277
::1 - - [17/Apr/2025:14:59:47 +0200] "GET /provaProgetto/php_upload_blob_files_in_mysql-master/ HTTP/1.1" 200 1901
::1 - - [17/Apr/2025:14:59:47 +0200] "GET /provaProgetto/php_upload_blob_files_in_mysql-master/css/form.css HTTP/1.1" 200 756
::1 - - [17/Apr/2025:14:59:47 +0200] "GET /provaProgetto/php_upload_blob_files_in_mysql-master/css/style.css HTTP/1.1" 200 748
::1 - - [17/Apr/2025:14:59:47 +0200] "GET /provaProgetto/php_upload_blob_files_in_mysql-master/imageView.php?image_id=8 HTTP/1.1" 200 131956
::1 - - [17/Apr/2025:14:59:47 +0200] "GET /provaProgetto/php_upload_blob_files_in_mysql-master/imageView.php?image_id=10 HTTP/1.1" 200 32217
::1 - - [17/Apr/2025:14:59:47 +0200] "GET /provaProgetto/php_upload_blob_files_in_mysql-master/imageView.php?image_id=7 HTTP/1.1" 200 472978
::1 - - [17/Apr/2025:14:59:47 +0200] "GET /provaProgetto/php_upload_blob_files_in_mysql-master/imageView.php?image_id=9 HTTP/1.1" 200 486947
::1 - - [17/Apr/2025:14:59:47 +0200] "GET /favicon.ico HTTP/1.1" 404 196
::1 - - [17/Apr/2025:15:24:12 +0200] "GET /provaProgetto/php_upload_blob_files_in_mysql-master/ HTTP/1.1" 200 1901
::1 - - [17/Apr/2025:15:24:12 +0200] "GET /provaProgetto/php_upload_blob_files_in_mysql-master/imageView.php?image_id=10 HTTP/1.1" 200 32217
::1 - - [17/Apr/2025:15:24:12 +0200] "GET /provaProgetto/php_upload_blob_files_in_mysql-master/imageView.php?image_id=8 HTTP/1.1" 200 131956
::1 - - [17/Apr/2025:15:24:12 +0200] "GET /provaProgetto/php_upload_blob_files_in_mysql-master/imageView.php?image_id=9 HTTP/1.1" 200 486947
::1 - - [17/Apr/2025:15:24:12 +0200] "GET /provaProgetto/php_upload_blob_files_in_mysql-master/imageView.php?image_id=7 HTTP/1.1" 200 472978
127.0.0.1 - - [17/Apr/2025:22:40:44 +0200] "GET /acversion.txt HTTP/1.1" 404 196
